<?xml version="1.0" encoding="UTF-8"?>
<!-- Generated by org.testng.reporters.JUnitReportReporter -->
<testsuite hostname="DESKTOP-R8GVFU8" failures="0" tests="1" name="testngFramework.Test.StandaloneTest2" time="13.908" errors="0" timestamp="2024-04-14T12:59:43 IST" skipped="0">
  <testcase classname="testngFramework.Test.StandaloneTest2" name="submitOrder" time="13.908"/>
</testsuite> <!-- testngFramework.Test.StandaloneTest2 -->
