<?xml version="1.0" encoding="UTF-8"?>
<!-- Generated by org.testng.reporters.JUnitReportReporter -->
<testsuite hostname="DESKTOP-R8GVFU8" failures="0" tests="1" name="cucumber.TESTNGTestRunner" time="3.803" errors="0" timestamp="2024-08-24T22:58:34 IST" skipped="0">
  <testcase classname="cucumber.TESTNGTestRunner" name="runScenario" time="3.803"/>
</testsuite> <!-- cucumber.TESTNGTestRunner -->
