<?xml version="1.0" encoding="UTF-8"?>
<!-- Generated by org.testng.reporters.JUnitReportReporter -->
<testsuite hostname="DESKTOP-R8GVFU8" failures="0" tests="3" name="testngFramework.Test.SubmitOrderTest" time="28.098" errors="0" timestamp="2024-08-27T16:48:15 IST" skipped="0">
  <testcase classname="testngFramework.Test.SubmitOrderTest" name="OrderHistoryTest" time="5.329"/>
  <testcase classname="testngFramework.Test.SubmitOrderTest" name="submitOrder" time="12.059"/>
  <testcase classname="testngFramework.Test.SubmitOrderTest" name="submitOrder" time="10.710"/>
</testsuite> <!-- testngFramework.Test.SubmitOrderTest -->
