<?xml version="1.0" encoding="UTF-8"?>
<!-- Generated by org.testng.reporters.JUnitReportReporter -->
<testsuite hostname="DESKTOP-R8GVFU8" failures="0" tests="3" name="testngFramework.Test.SubmitOrderTest" time="24.050" errors="0" timestamp="2024-08-24T23:15:00 IST" skipped="0">
  <testcase classname="testngFramework.Test.SubmitOrderTest" name="submitOrder" time="10.679"/>
  <testcase classname="testngFramework.Test.SubmitOrderTest" name="submitOrder" time="10.969"/>
  <testcase classname="testngFramework.Test.SubmitOrderTest" name="OrderHistoryTest" time="2.402"/>
</testsuite> <!-- testngFramework.Test.SubmitOrderTest -->
